請參考以下資訊：
1. 票據上記載金額之文字與號碼不符時，以文字為準。
2. 票據上之金額，以號碼代替文字記載，經使用機械辦法防止塗銷者，視同文字記載。
3. 廠商投標文件內記載金額之文字與號碼不符時，以文字為準。
4. 欠缺本法所規定票據上應記載事項之一者，其票據無效。但本法別有規定者，不在此限。
執票人善意取得已具備本法規定應記載事項之票據者，得依票據文義行使權利；票據債務人不得以票據原係欠缺應記載事項為理由，對於執票人，主張票據無效。
票據上之記載，除金額外，得由原記載人於交付前改寫之。但應於改寫處簽名。
5. 機關依本法第七十二條第一項辦理部分驗收，其所支付之部分價金，以支付該部分驗收項目者為限，並得視不符部分之情形酌予保留。
機關依本法第七十二條第二項辦理減價收受，其減價計算方式，依契約規定。契約未規定者，得就不符項目，依契約價金、市價、額外費用、所受損害或懲罰性違約金等，計算減價金額。


==================================================

問題：
依票據法規定，票據上記載金額之文字與號碼不符時，下列何者正確？
(A)以最低額為準
(B)以號碼為準
(C)以文字為準
(D)以探求當事人真意為準


==================================================

答案是：
答案是 (C) 以文字為準。</s>



依票據法的規定，票據上記載金額之文字與號碼不符時，正確的處理方式是：

(A) 以最低額為準

根據票據法第12條第2項的規定，在票據金額的文字與號碼不符時，應以文字記載的金額為準。因此，如果票據上的金額文字與號碼有矛盾，則以文字記載的金額為有效金額。</s>



